Arguments: 
  /usr/local/Cellar/node/12.4.0/bin/node /usr/local/Cellar/yarn/1.16.0/libexec/bin/yarn.js add core-js/modules/es.array.map

PATH: 
  /usr/local/bin:/usr/local/bin:/usr/bin:/bin:/usr/sbin:/sbin:/Users/daniel/Library/Android/sdk/emulator:/Users/daniel/Library/Android/sdk/tools:/Users/daniel/Library/Android/sdk/tools/bin:/Users/daniel/Library/Android/sdk/platform-tools

Yarn version: 
  1.16.0

Node version: 
  12.4.0

Platform: 
  darwin x64

Trace: 
  Error: https://registry.yarnpkg.com/core-js%2fmodules/es.array.map: Request "https://registry.yarnpkg.com/core-js%2fmodules/es.array.map" returned a 405
      at Request.params.callback [as _callback] (/usr/local/Cellar/yarn/1.16.0/libexec/lib/cli.js:66100:18)
      at Request.self.callback (/usr/local/Cellar/yarn/1.16.0/libexec/lib/cli.js:129590:22)
      at Request.emit (events.js:200:13)
      at Request.<anonymous> (/usr/local/Cellar/yarn/1.16.0/libexec/lib/cli.js:130562:10)
      at Request.emit (events.js:200:13)
      at IncomingMessage.<anonymous> (/usr/local/Cellar/yarn/1.16.0/libexec/lib/cli.js:130484:12)
      at Object.onceWrapper (events.js:288:20)
      at IncomingMessage.emit (events.js:205:15)
      at endReadableNT (_stream_readable.js:1154:12)
      at processTicksAndRejections (internal/process/task_queues.js:84:9)

npm manifest: 
  {
    "devDependencies": {
      "jquery": "^3.4.1"
    }
  }

yarn manifest: 
  No manifest

Lockfile: 
  # THIS IS AN AUTOGENERATED FILE. DO NOT EDIT THIS FILE DIRECTLY.
  # yarn lockfile v1
  
  
  jquery@^3.4.1:
    version "3.4.1"
    resolved "https://registry.yarnpkg.com/jquery/-/jquery-3.4.1.tgz#714f1f8d9dde4bdfa55764ba37ef214630d80ef2"
    integrity sha512-36+AdBzCL+y6qjw5Tx7HgzeGCzC81MDDgaUP8ld2zhx58HdqXGoBd+tHdrBMiyjGQs0Hxs/MLZTu/eHNJJuWPw==
